<?xml version="1.0" encoding="UTF-8"?>
<testsuite name="com.parkinglot.ParkingAttendantTest" tests="5" skipped="0" failures="0" errors="0" timestamp="2016-06-30T07:37:02" hostname="in-bhupendrakumar.local" time="0.004">
  <properties/>
  <testcase name="shouldParkingAttendantAcceptTheCarWithMuplipleParkingLots" classname="com.parkinglot.ParkingAttendantTest" time="0.002"/>
  <testcase name="shouldNotParkingAttendantUnparkTheCar" classname="com.parkinglot.ParkingAttendantTest" time="0.0"/>
  <testcase name="shouldParkingAttendantNotAcceptTheCarWhenAllParkingLotsAreFull" classname="com.parkinglot.ParkingAttendantTest" time="0.0"/>
  <testcase name="shouldParkingAttendantAcceptTheCar" classname="com.parkinglot.ParkingAttendantTest" time="0.0"/>
  <testcase name="shouldParkingAttendantUnparkTheCar" classname="com.parkinglot.ParkingAttendantTest" time="0.001"/>
  <system-out><![CDATA[]]></system-out>
  <system-err><![CDATA[]]></system-err>
</testsuite>
